<?xml version="1.0" encoding="UTF-8"?>
<!-- Generated by org.testng.reporters.JUnitReportReporter -->
<testsuite skipped="0" hostname="DESKTOP-MD35B6D" name="com.actitime.testscript.CustomerModule" tests="1" failures="0" timestamp="2023-01-23T15:55:36 IST" time="12.246" errors="0">
  <testcase name="testCreateCustomer" time="12.246" classname="com.actitime.testscript.CustomerModule"/>
  <system-out>
    <![CDATA[CreateCustomer]]>
  </system-out>
</testsuite> <!-- com.actitime.testscript.CustomerModule -->
